<?xml version="1.0" encoding="UTF-8"?>
<testng-results skipped="0" failed="0" ignored="0" total="1" passed="1">
  <reporter-output>
  </reporter-output>
  <suite name="Suite" duration-ms="27483" started-at="2020-09-04T18:30:00 IST" finished-at="2020-09-04T18:30:27 IST">
    <groups>
    </groups>
    <test name="Test" duration-ms="27483" started-at="2020-09-04T18:30:00 IST" finished-at="2020-09-04T18:30:27 IST">
      <class name="pack1.Prg1">
        <test-method status="PASS" signature="google()[pri:0, instance:pack1.Prg1@33b37288]" name="google" duration-ms="27312" started-at="2020-09-04T18:30:00 IST" finished-at="2020-09-04T18:30:27 IST">
          <reporter-output>
          </reporter-output>
        </test-method> <!-- google -->
      </class> <!-- pack1.Prg1 -->
    </test> <!-- Test -->
  </suite> <!-- Suite -->
</testng-results>
